C:\USERS\LENOVO\DOCUMENTS\VISUAL STUDIO 2012\PROJECTS\PARTICLESWARMOPTIMIZATION\PARTICLESWARMOPTIMIZATION\RELEASE\STANDARDPSO.OBJ
C:\USERS\LENOVO\DOCUMENTS\VISUAL STUDIO 2012\PROJECTS\PARTICLESWARMOPTIMIZATION\PARTICLESWARMOPTIMIZATION\RELEASE\SCALEFREENETWORK.OBJ
C:\USERS\LENOVO\DOCUMENTS\VISUAL STUDIO 2012\PROJECTS\PARTICLESWARMOPTIMIZATION\PARTICLESWARMOPTIMIZATION\RELEASE\RANDOMNUMGENERATOR.OBJ
C:\USERS\LENOVO\DOCUMENTS\VISUAL STUDIO 2012\PROJECTS\PARTICLESWARMOPTIMIZATION\PARTICLESWARMOPTIMIZATION\RELEASE\PSO.OBJ
C:\USERS\LENOVO\DOCUMENTS\VISUAL STUDIO 2012\PROJECTS\PARTICLESWARMOPTIMIZATION\PARTICLESWARMOPTIMIZATION\RELEASE\PERFORMANCE.OBJ
C:\USERS\LENOVO\DOCUMENTS\VISUAL STUDIO 2012\PROJECTS\PARTICLESWARMOPTIMIZATION\PARTICLESWARMOPTIMIZATION\RELEASE\PARTLYFEEDBACKPSO.OBJ
C:\USERS\LENOVO\DOCUMENTS\VISUAL STUDIO 2012\PROJECTS\PARTICLESWARMOPTIMIZATION\PARTICLESWARMOPTIMIZATION\RELEASE\PARTICLE.OBJ
C:\USERS\LENOVO\DOCUMENTS\VISUAL STUDIO 2012\PROJECTS\PARTICLESWARMOPTIMIZATION\PARTICLESWARMOPTIMIZATION\RELEASE\NODE.OBJ
C:\USERS\LENOVO\DOCUMENTS\VISUAL STUDIO 2012\PROJECTS\PARTICLESWARMOPTIMIZATION\PARTICLESWARMOPTIMIZATION\RELEASE\NETWORK.OBJ
C:\USERS\LENOVO\DOCUMENTS\VISUAL STUDIO 2012\PROJECTS\PARTICLESWARMOPTIMIZATION\PARTICLESWARMOPTIMIZATION\RELEASE\MAIN.OBJ
C:\USERS\LENOVO\DOCUMENTS\VISUAL STUDIO 2012\PROJECTS\PARTICLESWARMOPTIMIZATION\PARTICLESWARMOPTIMIZATION\RELEASE\HIERARCHYPSO.OBJ
C:\USERS\LENOVO\DOCUMENTS\VISUAL STUDIO 2012\PROJECTS\PARTICLESWARMOPTIMIZATION\PARTICLESWARMOPTIMIZATION\RELEASE\HIERARCHYNETWORK.OBJ
C:\USERS\LENOVO\DOCUMENTS\VISUAL STUDIO 2012\PROJECTS\PARTICLESWARMOPTIMIZATION\PARTICLESWARMOPTIMIZATION\RELEASE\FUNCTIONS.OBJ
C:\USERS\LENOVO\DOCUMENTS\VISUAL STUDIO 2012\PROJECTS\PARTICLESWARMOPTIMIZATION\PARTICLESWARMOPTIMIZATION\RELEASE\FULLYCONNECTEDNETWORK.OBJ
C:\USERS\LENOVO\DOCUMENTS\VISUAL STUDIO 2012\PROJECTS\PARTICLESWARMOPTIMIZATION\PARTICLESWARMOPTIMIZATION\RELEASE\FINALRESULT.OBJ
C:\USERS\LENOVO\DOCUMENTS\VISUAL STUDIO 2012\PROJECTS\PARTICLESWARMOPTIMIZATION\PARTICLESWARMOPTIMIZATION\RELEASE\BINTREENETWORK.OBJ
C:\USERS\LENOVO\DOCUMENTS\VISUAL STUDIO 2012\PROJECTS\PARTICLESWARMOPTIMIZATION\PARTICLESWARMOPTIMIZATION\RELEASE\BENCHMARKFUNC.OBJ
C:\USERS\LENOVO\DOCUMENTS\VISUAL STUDIO 2012\PROJECTS\PARTICLESWARMOPTIMIZATION\PARTICLESWARMOPTIMIZATION\RELEASE\VC110.PDB
C:\USERS\LENOVO\DOCUMENTS\VISUAL STUDIO 2012\PROJECTS\PARTICLESWARMOPTIMIZATION\RELEASE\PSOFRAMEWORK.EXE
C:\USERS\LENOVO\DOCUMENTS\VISUAL STUDIO 2012\PROJECTS\PARTICLESWARMOPTIMIZATION\RELEASE\PSOFRAMEWORK.PDB
C:\USERS\LENOVO\DOCUMENTS\VISUAL STUDIO 2012\PROJECTS\PARTICLESWARMOPTIMIZATION\PARTICLESWARMOPTIMIZATION\RELEASE\PSOFRAMEWORK.RES
C:\Users\lenovo\Documents\Visual Studio 2012\Projects\ParticleSwarmOptimization\ParticleSwarmOptimization\Release\benchmarkFunc.obj
C:\Users\lenovo\Documents\Visual Studio 2012\Projects\ParticleSwarmOptimization\ParticleSwarmOptimization\Release\binTreeNetwork.obj
C:\Users\lenovo\Documents\Visual Studio 2012\Projects\ParticleSwarmOptimization\ParticleSwarmOptimization\Release\finalResult.obj
C:\Users\lenovo\Documents\Visual Studio 2012\Projects\ParticleSwarmOptimization\ParticleSwarmOptimization\Release\fullyConnectedNetwork.obj
C:\Users\lenovo\Documents\Visual Studio 2012\Projects\ParticleSwarmOptimization\ParticleSwarmOptimization\Release\functions.obj
C:\Users\lenovo\Documents\Visual Studio 2012\Projects\ParticleSwarmOptimization\ParticleSwarmOptimization\Release\hierarchyNetwork.obj
C:\Users\lenovo\Documents\Visual Studio 2012\Projects\ParticleSwarmOptimization\ParticleSwarmOptimization\Release\HierarchyPSO.obj
C:\Users\lenovo\Documents\Visual Studio 2012\Projects\ParticleSwarmOptimization\ParticleSwarmOptimization\Release\main.obj
C:\Users\lenovo\Documents\Visual Studio 2012\Projects\ParticleSwarmOptimization\ParticleSwarmOptimization\Release\network.obj
C:\Users\lenovo\Documents\Visual Studio 2012\Projects\ParticleSwarmOptimization\ParticleSwarmOptimization\Release\node.obj
C:\Users\lenovo\Documents\Visual Studio 2012\Projects\ParticleSwarmOptimization\ParticleSwarmOptimization\Release\particle.obj
C:\Users\lenovo\Documents\Visual Studio 2012\Projects\ParticleSwarmOptimization\ParticleSwarmOptimization\Release\PartlyFeedbackPSO.obj
C:\Users\lenovo\Documents\Visual Studio 2012\Projects\ParticleSwarmOptimization\ParticleSwarmOptimization\Release\performance.obj
C:\Users\lenovo\Documents\Visual Studio 2012\Projects\ParticleSwarmOptimization\ParticleSwarmOptimization\Release\PSO.obj
C:\Users\lenovo\Documents\Visual Studio 2012\Projects\ParticleSwarmOptimization\ParticleSwarmOptimization\Release\randomNumGenerator.obj
C:\Users\lenovo\Documents\Visual Studio 2012\Projects\ParticleSwarmOptimization\ParticleSwarmOptimization\Release\ScaleFreeNetwork.obj
C:\Users\lenovo\Documents\Visual Studio 2012\Projects\ParticleSwarmOptimization\ParticleSwarmOptimization\Release\standardPSO.obj
C:\Users\lenovo\Documents\Visual Studio 2012\Projects\ParticleSwarmOptimization\ParticleSwarmOptimization\Release\cl.command.1.tlog
C:\Users\lenovo\Documents\Visual Studio 2012\Projects\ParticleSwarmOptimization\ParticleSwarmOptimization\Release\CL.read.1.tlog
C:\Users\lenovo\Documents\Visual Studio 2012\Projects\ParticleSwarmOptimization\ParticleSwarmOptimization\Release\CL.write.1.tlog
C:\Users\lenovo\Documents\Visual Studio 2012\Projects\ParticleSwarmOptimization\ParticleSwarmOptimization\Release\link-cvtres.read.1.tlog
C:\Users\lenovo\Documents\Visual Studio 2012\Projects\ParticleSwarmOptimization\ParticleSwarmOptimization\Release\link-cvtres.write.1.tlog
C:\Users\lenovo\Documents\Visual Studio 2012\Projects\ParticleSwarmOptimization\ParticleSwarmOptimization\Release\link-rc.read.1.tlog
C:\Users\lenovo\Documents\Visual Studio 2012\Projects\ParticleSwarmOptimization\ParticleSwarmOptimization\Release\link-rc.write.1.tlog
C:\Users\lenovo\Documents\Visual Studio 2012\Projects\ParticleSwarmOptimization\ParticleSwarmOptimization\Release\link.command.1.tlog
C:\Users\lenovo\Documents\Visual Studio 2012\Projects\ParticleSwarmOptimization\ParticleSwarmOptimization\Release\link.read.1.tlog
C:\Users\lenovo\Documents\Visual Studio 2012\Projects\ParticleSwarmOptimization\ParticleSwarmOptimization\Release\link.write.1.tlog
C:\Users\lenovo\Documents\Visual Studio 2012\Projects\ParticleSwarmOptimization\ParticleSwarmOptimization\Release\rc.command.1.tlog
C:\Users\lenovo\Documents\Visual Studio 2012\Projects\ParticleSwarmOptimization\ParticleSwarmOptimization\Release\rc.read.1.tlog
C:\Users\lenovo\Documents\Visual Studio 2012\Projects\ParticleSwarmOptimization\ParticleSwarmOptimization\Release\rc.write.1.tlog
C:\Users\lenovo\Documents\Visual Studio 2012\Projects\ParticleSwarmOptimization\ParticleSwarmOptimization\Release\PSOFramework.res
C:\Users\lenovo\Documents\Visual Studio 2012\Projects\ParticleSwarmOptimization\ParticleSwarmOptimization\Release\vc110.pdb
C:\Users\lenovo\Documents\Visual Studio 2012\Projects\ParticleSwarmOptimization\Release\PSOFramework.pdb
C:\Users\lenovo\Documents\Visual Studio 2012\Projects\ParticleSwarmOptimization\Release\PSOFramework.exe
