生成启动时间为 2015/7/15 21:31:08。
     1>项目“C:\Users\lenovo\Documents\Visual Studio 2012\Projects\ParticleSwarmOptimization\ParticleSwarmOptimization\ParticleSwarmOptimization.vcxproj”在节点 2 上(Build 个目标)。
     1>ClCompile:
         F:\Program Files\Microsoft Visual Studio 11.0\VC\bin\CL.exe /c /ZI /nologo /W3 /WX- /Od /Oy- /D WIN32 /D _DEBUG /D _CONSOLE /D _UNICODE /D UNICODE /Gm /EHsc /RTC1 /MDd /GS /fp:precise /Zc:wchar_t /Zc:forScope /Fo"Debug\\" /Fd"Debug\vc110.pdb" /Gd /TP /analyze- /errorReport:prompt HierarchyPSO.cpp PSO.cpp PartlyFeedbackPSO.cpp main.cpp standardPSO.cpp
         standardPSO.cpp
         PSO.cpp
         正在生成代码...
         正在编译...
         main.cpp
         PartlyFeedbackPSO.cpp
         HierarchyPSO.cpp
         正在生成代码...
       Link:
         F:\Program Files\Microsoft Visual Studio 11.0\VC\bin\link.exe /ERRORREPORT:PROMPT /OUT:"C:\Users\lenovo\Documents\Visual Studio 2012\Projects\ParticleSwarmOptimization\Debug\PSOFramework.exe" /INCREMENTAL /NOLOGO kernel32.lib user32.lib gdi32.lib winspool.lib comdlg32.lib advapi32.lib shell32.lib ole32.lib oleaut32.lib uuid.lib odbc32.lib odbccp32.lib /MANIFEST /MANIFESTUAC:"level='asInvoker' uiAccess='false'" /manifest:embed /DEBUG /PDB:"C:\Users\lenovo\Documents\Visual Studio 2012\Projects\ParticleSwarmOptimization\Debug\PSOFramework.pdb" /SUBSYSTEM:CONSOLE /TLBID:1 /DYNAMICBASE /NXCOMPAT /IMPLIB:"C:\Users\lenovo\Documents\Visual Studio 2012\Projects\ParticleSwarmOptimization\Debug\PSOFramework.lib" /MACHINE:X86 Debug\PSOFramework.res
         Debug\benchmarkFunc.obj
         Debug\binTreeNetwork.obj
         Debug\finalResult.obj
         Debug\fullyConnectedNetwork.obj
         Debug\functions.obj
         Debug\hierarchyNetwork.obj
         Debug\HierarchyPSO.obj
         Debug\main.obj
         Debug\network.obj
         Debug\node.obj
         Debug\particle.obj
         Debug\PartlyFeedbackPSO.obj
         Debug\performance.obj
         Debug\PSO.obj
         Debug\randomNumGenerator.obj
         Debug\ScaleFreeNetwork.obj
         Debug\standardPSO.obj
         ParticleSwarmOptimization.vcxproj -> C:\Users\lenovo\Documents\Visual Studio 2012\Projects\ParticleSwarmOptimization\Debug\PSOFramework.exe
     1>已完成生成项目“C:\Users\lenovo\Documents\Visual Studio 2012\Projects\ParticleSwarmOptimization\ParticleSwarmOptimization\ParticleSwarmOptimization.vcxproj”(Build 个目标)的操作。

生成成功。

已用时间 00:00:03.09
