C:\USERS\LENOVO\DOCUMENTS\VISUAL STUDIO 2012\PROJECTS\PARTICLESWARMOPTIMIZATION\PARTICLESWARMOPTIMIZATION\DEBUG\BENCHMARKFUNC.OBJ
C:\USERS\LENOVO\DOCUMENTS\VISUAL STUDIO 2012\PROJECTS\PARTICLESWARMOPTIMIZATION\PARTICLESWARMOPTIMIZATION\DEBUG\BINTREENETWORK.OBJ
C:\USERS\LENOVO\DOCUMENTS\VISUAL STUDIO 2012\PROJECTS\PARTICLESWARMOPTIMIZATION\PARTICLESWARMOPTIMIZATION\DEBUG\FINALRESULT.OBJ
C:\USERS\LENOVO\DOCUMENTS\VISUAL STUDIO 2012\PROJECTS\PARTICLESWARMOPTIMIZATION\PARTICLESWARMOPTIMIZATION\DEBUG\FUNCTIONS.OBJ
C:\USERS\LENOVO\DOCUMENTS\VISUAL STUDIO 2012\PROJECTS\PARTICLESWARMOPTIMIZATION\PARTICLESWARMOPTIMIZATION\DEBUG\HIERARCHYNETWORK.OBJ
C:\USERS\LENOVO\DOCUMENTS\VISUAL STUDIO 2012\PROJECTS\PARTICLESWARMOPTIMIZATION\PARTICLESWARMOPTIMIZATION\DEBUG\HIERARCHYPSO.OBJ
C:\USERS\LENOVO\DOCUMENTS\VISUAL STUDIO 2012\PROJECTS\PARTICLESWARMOPTIMIZATION\PARTICLESWARMOPTIMIZATION\DEBUG\MAIN.OBJ
C:\USERS\LENOVO\DOCUMENTS\VISUAL STUDIO 2012\PROJECTS\PARTICLESWARMOPTIMIZATION\PARTICLESWARMOPTIMIZATION\DEBUG\NETWORK.OBJ
C:\USERS\LENOVO\DOCUMENTS\VISUAL STUDIO 2012\PROJECTS\PARTICLESWARMOPTIMIZATION\PARTICLESWARMOPTIMIZATION\DEBUG\NODE.OBJ
C:\USERS\LENOVO\DOCUMENTS\VISUAL STUDIO 2012\PROJECTS\PARTICLESWARMOPTIMIZATION\PARTICLESWARMOPTIMIZATION\DEBUG\PARTICLE.OBJ
C:\USERS\LENOVO\DOCUMENTS\VISUAL STUDIO 2012\PROJECTS\PARTICLESWARMOPTIMIZATION\PARTICLESWARMOPTIMIZATION\DEBUG\PARTLYFEEDBACKPSO.OBJ
C:\USERS\LENOVO\DOCUMENTS\VISUAL STUDIO 2012\PROJECTS\PARTICLESWARMOPTIMIZATION\PARTICLESWARMOPTIMIZATION\DEBUG\PERFORMANCE.OBJ
C:\USERS\LENOVO\DOCUMENTS\VISUAL STUDIO 2012\PROJECTS\PARTICLESWARMOPTIMIZATION\PARTICLESWARMOPTIMIZATION\DEBUG\PSO.OBJ
C:\USERS\LENOVO\DOCUMENTS\VISUAL STUDIO 2012\PROJECTS\PARTICLESWARMOPTIMIZATION\PARTICLESWARMOPTIMIZATION\DEBUG\RANDOMNUMGENERATOR.OBJ
C:\USERS\LENOVO\DOCUMENTS\VISUAL STUDIO 2012\PROJECTS\PARTICLESWARMOPTIMIZATION\PARTICLESWARMOPTIMIZATION\DEBUG\STANDARDPSO.OBJ
C:\USERS\LENOVO\DOCUMENTS\VISUAL STUDIO 2012\PROJECTS\PARTICLESWARMOPTIMIZATION\PARTICLESWARMOPTIMIZATION\DEBUG\VC110.PDB
C:\USERS\LENOVO\DOCUMENTS\VISUAL STUDIO 2012\PROJECTS\PARTICLESWARMOPTIMIZATION\DEBUG\PSOFRAMEWORK.ILK
C:\USERS\LENOVO\DOCUMENTS\VISUAL STUDIO 2012\PROJECTS\PARTICLESWARMOPTIMIZATION\DEBUG\PSOFRAMEWORK.EXE
C:\USERS\LENOVO\DOCUMENTS\VISUAL STUDIO 2012\PROJECTS\PARTICLESWARMOPTIMIZATION\DEBUG\PSOFRAMEWORK.PDB
C:\Users\lenovo\Documents\Visual Studio 2012\Projects\ParticleSwarmOptimization\ParticleSwarmOptimization\Debug\benchmarkFunc.obj
C:\Users\lenovo\Documents\Visual Studio 2012\Projects\ParticleSwarmOptimization\ParticleSwarmOptimization\Debug\binTreeNetwork.obj
C:\Users\lenovo\Documents\Visual Studio 2012\Projects\ParticleSwarmOptimization\ParticleSwarmOptimization\Debug\finalResult.obj
C:\Users\lenovo\Documents\Visual Studio 2012\Projects\ParticleSwarmOptimization\ParticleSwarmOptimization\Debug\functions.obj
C:\Users\lenovo\Documents\Visual Studio 2012\Projects\ParticleSwarmOptimization\ParticleSwarmOptimization\Debug\hierarchyNetwork.obj
C:\Users\lenovo\Documents\Visual Studio 2012\Projects\ParticleSwarmOptimization\ParticleSwarmOptimization\Debug\HierarchyPSO.obj
C:\Users\lenovo\Documents\Visual Studio 2012\Projects\ParticleSwarmOptimization\ParticleSwarmOptimization\Debug\main.obj
C:\Users\lenovo\Documents\Visual Studio 2012\Projects\ParticleSwarmOptimization\ParticleSwarmOptimization\Debug\network.obj
C:\Users\lenovo\Documents\Visual Studio 2012\Projects\ParticleSwarmOptimization\ParticleSwarmOptimization\Debug\node.obj
C:\Users\lenovo\Documents\Visual Studio 2012\Projects\ParticleSwarmOptimization\ParticleSwarmOptimization\Debug\particle.obj
C:\Users\lenovo\Documents\Visual Studio 2012\Projects\ParticleSwarmOptimization\ParticleSwarmOptimization\Debug\PartlyFeedbackPSO.obj
C:\Users\lenovo\Documents\Visual Studio 2012\Projects\ParticleSwarmOptimization\ParticleSwarmOptimization\Debug\performance.obj
C:\Users\lenovo\Documents\Visual Studio 2012\Projects\ParticleSwarmOptimization\ParticleSwarmOptimization\Debug\PSO.obj
C:\Users\lenovo\Documents\Visual Studio 2012\Projects\ParticleSwarmOptimization\ParticleSwarmOptimization\Debug\randomNumGenerator.obj
C:\Users\lenovo\Documents\Visual Studio 2012\Projects\ParticleSwarmOptimization\ParticleSwarmOptimization\Debug\standardPSO.obj
C:\Users\lenovo\Documents\Visual Studio 2012\Projects\ParticleSwarmOptimization\ParticleSwarmOptimization\Debug\cl.command.1.tlog
C:\Users\lenovo\Documents\Visual Studio 2012\Projects\ParticleSwarmOptimization\ParticleSwarmOptimization\Debug\CL.read.1.tlog
C:\Users\lenovo\Documents\Visual Studio 2012\Projects\ParticleSwarmOptimization\ParticleSwarmOptimization\Debug\CL.write.1.tlog
C:\Users\lenovo\Documents\Visual Studio 2012\Projects\ParticleSwarmOptimization\ParticleSwarmOptimization\Debug\link-cvtres.read.1.tlog
C:\Users\lenovo\Documents\Visual Studio 2012\Projects\ParticleSwarmOptimization\ParticleSwarmOptimization\Debug\link-cvtres.write.1.tlog
C:\Users\lenovo\Documents\Visual Studio 2012\Projects\ParticleSwarmOptimization\ParticleSwarmOptimization\Debug\link-rc.read.1.tlog
C:\Users\lenovo\Documents\Visual Studio 2012\Projects\ParticleSwarmOptimization\ParticleSwarmOptimization\Debug\link-rc.write.1.tlog
C:\Users\lenovo\Documents\Visual Studio 2012\Projects\ParticleSwarmOptimization\ParticleSwarmOptimization\Debug\link.command.1.tlog
C:\Users\lenovo\Documents\Visual Studio 2012\Projects\ParticleSwarmOptimization\ParticleSwarmOptimization\Debug\link.read.1.tlog
C:\Users\lenovo\Documents\Visual Studio 2012\Projects\ParticleSwarmOptimization\ParticleSwarmOptimization\Debug\link.write.1.tlog
C:\Users\lenovo\Documents\Visual Studio 2012\Projects\ParticleSwarmOptimization\ParticleSwarmOptimization\Debug\vc110.idb
C:\Users\lenovo\Documents\Visual Studio 2012\Projects\ParticleSwarmOptimization\ParticleSwarmOptimization\Debug\vc110.pdb
C:\Users\lenovo\Documents\Visual Studio 2012\Projects\ParticleSwarmOptimization\Debug\PSOFramework.pdb
C:\Users\lenovo\Documents\Visual Studio 2012\Projects\ParticleSwarmOptimization\Debug\PSOFramework.exe
C:\Users\lenovo\Documents\Visual Studio 2012\Projects\ParticleSwarmOptimization\Debug\PSOFramework.ilk
